d:\game technology\gametech 2017\build\nclgl\debug\nclgl.pdb
d:\game technology\gametech 2017\build\nclgl\debug\nclgl.idb
d:\game technology\gametech 2017\build\nclgl\debug\frustum.obj
d:\game technology\gametech 2017\build\nclgl\debug\gametimer.obj
d:\game technology\gametech 2017\build\nclgl\debug\heightmap.obj
d:\game technology\gametech 2017\build\nclgl\debug\keyboard.obj
d:\game technology\gametech 2017\build\nclgl\debug\matrix3.obj
d:\game technology\gametech 2017\build\nclgl\debug\matrix4.obj
d:\game technology\gametech 2017\build\nclgl\debug\md5anim.obj
d:\game technology\gametech 2017\build\nclgl\debug\md5filedata.obj
d:\game technology\gametech 2017\build\nclgl\debug\md5mesh.obj
d:\game technology\gametech 2017\build\nclgl\debug\md5node.obj
d:\game technology\gametech 2017\build\nclgl\debug\mesh.obj
d:\game technology\gametech 2017\build\nclgl\debug\mouse.obj
d:\game technology\gametech 2017\build\nclgl\debug\objmesh.obj
d:\game technology\gametech 2017\build\nclgl\debug\oglrenderer.obj
d:\game technology\gametech 2017\build\nclgl\debug\plane.obj
d:\game technology\gametech 2017\build\nclgl\debug\quaternion.obj
d:\game technology\gametech 2017\build\nclgl\debug\rendernode.obj
d:\game technology\gametech 2017\build\nclgl\debug\shader.obj
d:\game technology\gametech 2017\build\nclgl\debug\window.obj
d:\game technology\gametech 2017\build\nclgl\debug\ncldebug.obj
d:\game technology\gametech 2017\build\nclgl\debug\camera.obj
d:\game technology\gametech 2017\build\nclgl\debug\cuberobot.obj
d:\game technology\gametech 2017\build\debug\nclgl.lib
d:\game technology\gametech 2017\build\debug\nclgl.pdb
d:\game technology\gametech 2017\build\nclgl\debug\nclgl.tlog\cl.command.1.tlog
d:\game technology\gametech 2017\build\nclgl\debug\nclgl.tlog\cl.read.1.tlog
d:\game technology\gametech 2017\build\nclgl\debug\nclgl.tlog\cl.write.1.tlog
d:\game technology\gametech 2017\build\nclgl\debug\nclgl.tlog\lib-link.read.1.tlog
d:\game technology\gametech 2017\build\nclgl\debug\nclgl.tlog\lib-link.write.1.tlog
d:\game technology\gametech 2017\build\nclgl\debug\nclgl.tlog\lib.command.1.tlog
